{"meta": {"format": 3, "version": "7.10.7", "timestamp": "2025-10-06T21:02:03.551898", "branch_coverage": false, "show_contexts": false}, "files": {"C:\\Users\\Lucas\\Downloads\\microservices-testing-suite\\services\\user-service\\logger.py": {"executed_lines": [1, 2, 3, 4, 5, 6, 8, 9, 10, 11, 12, 15, 18, 19, 20, 22, 23, 25, 28, 31, 32, 33, 34, 36, 38, 40, 49, 50, 51, 56, 58, 60, 62, 67, 70, 73, 76, 79, 81, 84, 88, 92, 96, 99, 102], "summary": {"covered_lines": 45, "num_statements": 49, "percent_covered": 91.83673469387755, "percent_covered_display": "92", "missing_lines": 4, "excluded_lines": 0}, "missing_lines": [26, 29, 63, 77], "excluded_lines": [], "functions": {"StructuredLogger.__init__": {"executed_lines": [10, 11, 12, 15, 18, 19, 20], "summary": {"covered_lines": 7, "num_statements": 7, "percent_covered": 100.0, "percent_covered_display": "100", "missing_lines": 0, "excluded_lines": 0}, "missing_lines": [], "excluded_lines": []}, "StructuredLogger.info": {"executed_lines": [23], "summary": {"covered_lines": 1, "num_statements": 1, "percent_covered": 100.0, "percent_covered_display": "100", "missing_lines": 0, "excluded_lines": 0}, "missing_lines": [], "excluded_lines": []}, "StructuredLogger.error": {"executed_lines": [], "summary": {"covered_lines": 0, "num_statements": 1, "percent_covered": 0.0, "percent_covered_display": "0", "missing_lines": 1, "excluded_lines": 0}, "missing_lines": [26], "excluded_lines": []}, "StructuredLogger.warning": {"executed_lines": [], "summary": {"covered_lines": 0, "num_statements": 1, "percent_covered": 0.0, "percent_covered_display": "0", "missing_lines": 1, "excluded_lines": 0}, "missing_lines": [29], "excluded_lines": []}, "StructuredFormatter.__init__": {"executed_lines": [33, 34], "summary": {"covered_lines": 2, "num_statements": 2, "percent_covered": 100.0, "percent_covered_display": "100", "missing_lines": 0, "excluded_lines": 0}, "missing_lines": [], "excluded_lines": []}, "StructuredFormatter.format": {"executed_lines": [38, 40, 49, 50, 51, 56, 58], "summary": {"covered_lines": 7, "num_statements": 7, "percent_covered": 100.0, "percent_covered_display": "100", "missing_lines": 0, "excluded_lines": 0}, "missing_lines": [], "excluded_lines": []}, "StructuredFormatter._sanitize_log_message": {"executed_lines": [62, 67, 70, 73, 76, 79], "summary": {"covered_lines": 6, "num_statements": 8, "percent_covered": 75.0, "percent_covered_display": "75", "missing_lines": 2, "excluded_lines": 0}, "missing_lines": [63, 77], "excluded_lines": []}, "StructuredFormatter._mask_sensitive_data": {"executed_lines": [84, 88, 92, 96, 99], "summary": {"covered_lines": 5, "num_statements": 5, "percent_covered": 100.0, "percent_covered_display": "100", "missing_lines": 0, "excluded_lines": 0}, "missing_lines": [], "excluded_lines": []}, "": {"executed_lines": [1, 2, 3, 4, 5, 6, 8, 9, 22, 25, 28, 31, 32, 36, 60, 81, 102], "summary": {"covered_lines": 17, "num_statements": 17, "percent_covered": 100.0, "percent_covered_display": "100", "missing_lines": 0, "excluded_lines": 0}, "missing_lines": [], "excluded_lines": []}}, "classes": {"StructuredLogger": {"executed_lines": [10, 11, 12, 15, 18, 19, 20, 23], "summary": {"covered_lines": 8, "num_statements": 10, "percent_covered": 80.0, "percent_covered_display": "80", "missing_lines": 2, "excluded_lines": 0}, "missing_lines": [26, 29], "excluded_lines": []}, "StructuredFormatter": {"executed_lines": [33, 34, 38, 40, 49, 50, 51, 56, 58, 62, 67, 70, 73, 76, 79, 84, 88, 92, 96, 99], "summary": {"covered_lines": 20, "num_statements": 22, "percent_covered": 90.9090909090909, "percent_covered_display": "91", "missing_lines": 2, "excluded_lines": 0}, "missing_lines": [63, 77], "excluded_lines": []}, "": {"executed_lines": [1, 2, 3, 4, 5, 6, 8, 9, 22, 25, 28, 31, 32, 36, 60, 81, 102], "summary": {"covered_lines": 17, "num_statements": 17, "percent_covered": 100.0, "percent_covered_display": "100", "missing_lines": 0, "excluded_lines": 0}, "missing_lines": [], "excluded_lines": []}}}, "C:\\Users\\Lucas\\Downloads\\microservices-testing-suite\\services\\user-service\\main.py": {"executed_lines": [1, 2, 3, 4, 5, 6, 7, 8, 9, 10, 11, 14, 15, 17, 18, 25, 28, 29, 30, 31, 32, 33, 35, 36, 37, 39, 40, 41, 42, 44, 46, 48, 50, 51, 52, 53, 56, 58, 61, 63, 65, 67, 68, 69, 71, 74, 76, 77, 78, 86, 87, 92, 93, 94, 96, 97, 98, 100, 101, 104, 105, 111, 114, 119, 121, 122, 123, 124, 125, 127, 128, 129, 131, 132, 133, 134, 135, 136, 137, 139], "summary": {"covered_lines": 80, "num_statements": 100, "percent_covered": 80.0, "percent_covered_display": "80", "missing_lines": 20, "excluded_lines": 0}, "missing_lines": [20, 22, 23, 43, 45, 47, 54, 57, 70, 79, 81, 82, 83, 84, 88, 89, 90, 102, 140, 141], "excluded_lines": [], "functions": {"lifespan": {"executed_lines": [], "summary": {"covered_lines": 0, "num_statements": 3, "percent_covered": 0.0, "percent_covered_display": "0", "missing_lines": 3, "excluded_lines": 0}, "missing_lines": [20, 22, 23], "excluded_lines": []}, "CreateUserRequest.validate_name": {"executed_lines": [42, 44, 46, 48], "summary": {"covered_lines": 4, "num_statements": 7, "percent_covered": 57.142857142857146, "percent_covered_display": "57", "missing_lines": 3, "excluded_lines": 0}, "missing_lines": [43, 45, 47], "excluded_lines": []}, "CreateUserRequest.validate_email_format": {"executed_lines": [53, 56, 58], "summary": {"covered_lines": 3, "num_statements": 5, "percent_covered": 60.0, "percent_covered_display": "60", "missing_lines": 2, "excluded_lines": 0}, "missing_lines": [54, 57], "excluded_lines": []}, "verify_csrf_token": {"executed_lines": [67, 68, 69, 71, 74, 76, 77, 78], "summary": {"covered_lines": 8, "num_statements": 14, "percent_covered": 57.142857142857146, "percent_covered_display": "57", "missing_lines": 6, "excluded_lines": 0}, "missing_lines": [70, 79, 81, 82, 83, 84], "excluded_lines": []}, "get_csrf_token": {"executed_lines": [], "summary": {"covered_lines": 0, "num_statements": 3, "percent_covered": 0.0, "percent_covered_display": "0", "missing_lines": 3, "excluded_lines": 0}, "missing_lines": [88, 89, 90], "excluded_lines": []}, "health_check": {"executed_lines": [94], "summary": {"covered_lines": 1, "num_statements": 1, "percent_covered": 100.0, "percent_covered_display": "100", "missing_lines": 0, "excluded_lines": 0}, "missing_lines": [], "excluded_lines": []}, "create_user": {"executed_lines": [98, 100, 101, 104, 105, 111, 114, 119], "summary": {"covered_lines": 8, "num_statements": 9, "percent_covered": 88.88888888888889, "percent_covered_display": "89", "missing_lines": 1, "excluded_lines": 0}, "missing_lines": [102], "excluded_lines": []}, "get_user": {"executed_lines": [123, 124, 125], "summary": {"covered_lines": 3, "num_statements": 3, "percent_covered": 100.0, "percent_covered_display": "100", "missing_lines": 0, "excluded_lines": 0}, "missing_lines": [], "excluded_lines": []}, "list_users": {"executed_lines": [129], "summary": {"covered_lines": 1, "num_statements": 1, "percent_covered": 100.0, "percent_covered_display": "100", "missing_lines": 0, "excluded_lines": 0}, "missing_lines": [], "excluded_lines": []}, "delete_user": {"executed_lines": [133, 134, 135, 136, 137], "summary": {"covered_lines": 5, "num_statements": 5, "percent_covered": 100.0, "percent_covered_display": "100", "missing_lines": 0, "excluded_lines": 0}, "missing_lines": [], "excluded_lines": []}, "": {"executed_lines": [1, 2, 3, 4, 5, 6, 7, 8, 9, 10, 11, 14, 15, 17, 18, 25, 28, 29, 30, 31, 32, 33, 35, 36, 37, 39, 40, 41, 50, 51, 52, 61, 63, 65, 86, 87, 92, 93, 96, 97, 121, 122, 127, 128, 131, 132, 139], "summary": {"covered_lines": 47, "num_statements": 49, "percent_covered": 95.91836734693878, "percent_covered_display": "96", "missing_lines": 2, "excluded_lines": 0}, "missing_lines": [140, 141], "excluded_lines": []}}, "classes": {"User": {"executed_lines": [], "summary": {"covered_lines": 0, "num_statements": 0, "percent_covered": 100.0, "percent_covered_display": "100", "missing_lines": 0, "excluded_lines": 0}, "missing_lines": [], "excluded_lines": []}, "CreateUserRequest": {"executed_lines": [42, 44, 46, 48, 53, 56, 58], "summary": {"covered_lines": 7, "num_statements": 12, "percent_covered": 58.333333333333336, "percent_covered_display": "58", "missing_lines": 5, "excluded_lines": 0}, "missing_lines": [43, 45, 47, 54, 57], "excluded_lines": []}, "": {"executed_lines": [1, 2, 3, 4, 5, 6, 7, 8, 9, 10, 11, 14, 15, 17, 18, 25, 28, 29, 30, 31, 32, 33, 35, 36, 37, 39, 40, 41, 50, 51, 52, 61, 63, 65, 67, 68, 69, 71, 74, 76, 77, 78, 86, 87, 92, 93, 94, 96, 97, 98, 100, 101, 104, 105, 111, 114, 119, 121, 122, 123, 124, 125, 127, 128, 129, 131, 132, 133, 134, 135, 136, 137, 139], "summary": {"covered_lines": 73, "num_statements": 88, "percent_covered": 82.95454545454545, "percent_covered_display": "83", "missing_lines": 15, "excluded_lines": 0}, "missing_lines": [20, 22, 23, 70, 79, 81, 82, 83, 84, 88, 89, 90, 102, 140, 141], "excluded_lines": []}}}}, "totals": {"covered_lines": 125, "num_statements": 149, "percent_covered": 83.89261744966443, "percent_covered_display": "84", "missing_lines": 24, "excluded_lines": 0}}