{"meta": {"format": 3, "version": "7.10.7", "timestamp": "2025-10-09T12:00:26.577874", "branch_coverage": false, "show_contexts": false}, "files": {"C:\\Users\\Lucas\\Downloads\\microservices-testing-suite\\services\\user-service\\logger.py": {"executed_lines": [1, 2, 3, 4, 5, 6, 8, 9, 10, 11, 12, 15, 18, 19, 20, 22, 23, 25, 28, 31, 32, 33, 34, 36, 38, 40, 49, 50, 51, 56, 58, 60, 62, 67, 70, 73, 76, 79, 81, 84, 88, 92, 96, 99, 102], "summary": {"covered_lines": 45, "num_statements": 49, "percent_covered": 91.83673469387755, "percent_covered_display": "92", "missing_lines": 4, "excluded_lines": 0}, "missing_lines": [26, 29, 63, 77], "excluded_lines": [], "functions": {"StructuredLogger.__init__": {"executed_lines": [10, 11, 12, 15, 18, 19, 20], "summary": {"covered_lines": 7, "num_statements": 7, "percent_covered": 100.0, "percent_covered_display": "100", "missing_lines": 0, "excluded_lines": 0}, "missing_lines": [], "excluded_lines": []}, "StructuredLogger.info": {"executed_lines": [23], "summary": {"covered_lines": 1, "num_statements": 1, "percent_covered": 100.0, "percent_covered_display": "100", "missing_lines": 0, "excluded_lines": 0}, "missing_lines": [], "excluded_lines": []}, "StructuredLogger.error": {"executed_lines": [], "summary": {"covered_lines": 0, "num_statements": 1, "percent_covered": 0.0, "percent_covered_display": "0", "missing_lines": 1, "excluded_lines": 0}, "missing_lines": [26], "excluded_lines": []}, "StructuredLogger.warning": {"executed_lines": [], "summary": {"covered_lines": 0, "num_statements": 1, "percent_covered": 0.0, "percent_covered_display": "0", "missing_lines": 1, "excluded_lines": 0}, "missing_lines": [29], "excluded_lines": []}, "StructuredFormatter.__init__": {"executed_lines": [33, 34], "summary": {"covered_lines": 2, "num_statements": 2, "percent_covered": 100.0, "percent_covered_display": "100", "missing_lines": 0, "excluded_lines": 0}, "missing_lines": [], "excluded_lines": []}, "StructuredFormatter.format": {"executed_lines": [38, 40, 49, 50, 51, 56, 58], "summary": {"covered_lines": 7, "num_statements": 7, "percent_covered": 100.0, "percent_covered_display": "100", "missing_lines": 0, "excluded_lines": 0}, "missing_lines": [], "excluded_lines": []}, "StructuredFormatter._sanitize_log_message": {"executed_lines": [62, 67, 70, 73, 76, 79], "summary": {"covered_lines": 6, "num_statements": 8, "percent_covered": 75.0, "percent_covered_display": "75", "missing_lines": 2, "excluded_lines": 0}, "missing_lines": [63, 77], "excluded_lines": []}, "StructuredFormatter._mask_sensitive_data": {"executed_lines": [84, 88, 92, 96, 99], "summary": {"covered_lines": 5, "num_statements": 5, "percent_covered": 100.0, "percent_covered_display": "100", "missing_lines": 0, "excluded_lines": 0}, "missing_lines": [], "excluded_lines": []}, "": {"executed_lines": [1, 2, 3, 4, 5, 6, 8, 9, 22, 25, 28, 31, 32, 36, 60, 81, 102], "summary": {"covered_lines": 17, "num_statements": 17, "percent_covered": 100.0, "percent_covered_display": "100", "missing_lines": 0, "excluded_lines": 0}, "missing_lines": [], "excluded_lines": []}}, "classes": {"StructuredLogger": {"executed_lines": [10, 11, 12, 15, 18, 19, 20, 23], "summary": {"covered_lines": 8, "num_statements": 10, "percent_covered": 80.0, "percent_covered_display": "80", "missing_lines": 2, "excluded_lines": 0}, "missing_lines": [26, 29], "excluded_lines": []}, "StructuredFormatter": {"executed_lines": [33, 34, 38, 40, 49, 50, 51, 56, 58, 62, 67, 70, 73, 76, 79, 84, 88, 92, 96, 99], "summary": {"covered_lines": 20, "num_statements": 22, "percent_covered": 90.9090909090909, "percent_covered_display": "91", "missing_lines": 2, "excluded_lines": 0}, "missing_lines": [63, 77], "excluded_lines": []}, "": {"executed_lines": [1, 2, 3, 4, 5, 6, 8, 9, 22, 25, 28, 31, 32, 36, 60, 81, 102], "summary": {"covered_lines": 17, "num_statements": 17, "percent_covered": 100.0, "percent_covered_display": "100", "missing_lines": 0, "excluded_lines": 0}, "missing_lines": [], "excluded_lines": []}}}, "C:\\Users\\Lucas\\Downloads\\microservices-testing-suite\\services\\user-service\\main.py": {"executed_lines": [1, 2, 3, 4, 5, 6, 7, 8, 9, 10, 11, 14, 15, 16, 18, 19, 26, 29, 30, 31, 32, 33, 34, 36, 37, 38, 40, 41, 42, 43, 45, 46, 48, 51, 53, 55, 56, 57, 58, 61, 63, 66, 68, 70, 72, 73, 74, 76, 79, 81, 82, 83, 86, 87, 92, 93, 95, 97, 98, 99, 101, 102, 106, 107, 111, 112, 118, 119, 122, 124, 126, 127, 129, 130, 131, 132, 134, 135, 137, 139, 140, 141, 142, 143, 144, 146, 147, 148, 150], "summary": {"covered_lines": 89, "num_statements": 108, "percent_covered": 82.4074074074074, "percent_covered_display": "82", "missing_lines": 19, "excluded_lines": 0}, "missing_lines": [21, 23, 24, 44, 47, 49, 52, 59, 62, 75, 84, 88, 89, 90, 103, 108, 109, 151, 152], "excluded_lines": [], "functions": {"lifespan": {"executed_lines": [], "summary": {"covered_lines": 0, "num_statements": 3, "percent_covered": 0.0, "percent_covered_display": "0", "missing_lines": 3, "excluded_lines": 0}, "missing_lines": [21, 23, 24], "excluded_lines": []}, "CreateUserRequest.validate_name": {"executed_lines": [43, 45, 46, 48, 51, 53], "summary": {"covered_lines": 6, "num_statements": 10, "percent_covered": 60.0, "percent_covered_display": "60", "missing_lines": 4, "excluded_lines": 0}, "missing_lines": [44, 47, 49, 52], "excluded_lines": []}, "CreateUserRequest.validate_email_format": {"executed_lines": [58, 61, 63], "summary": {"covered_lines": 3, "num_statements": 5, "percent_covered": 60.0, "percent_covered_display": "60", "missing_lines": 2, "excluded_lines": 0}, "missing_lines": [59, 62], "excluded_lines": []}, "verify_csrf_token": {"executed_lines": [72, 73, 74, 76, 79, 81, 82, 83], "summary": {"covered_lines": 8, "num_statements": 10, "percent_covered": 80.0, "percent_covered_display": "80", "missing_lines": 2, "excluded_lines": 0}, "missing_lines": [75, 84], "excluded_lines": []}, "get_csrf_token": {"executed_lines": [], "summary": {"covered_lines": 0, "num_statements": 3, "percent_covered": 0.0, "percent_covered_display": "0", "missing_lines": 3, "excluded_lines": 0}, "missing_lines": [88, 89, 90], "excluded_lines": []}, "health_check": {"executed_lines": [95], "summary": {"covered_lines": 1, "num_statements": 1, "percent_covered": 100.0, "percent_covered_display": "100", "missing_lines": 0, "excluded_lines": 0}, "missing_lines": [], "excluded_lines": []}, "create_user": {"executed_lines": [99, 101, 102, 106, 107, 111, 112, 118, 119, 122, 124], "summary": {"covered_lines": 11, "num_statements": 14, "percent_covered": 78.57142857142857, "percent_covered_display": "79", "missing_lines": 3, "excluded_lines": 0}, "missing_lines": [103, 108, 109], "excluded_lines": []}, "get_user": {"executed_lines": [129, 130, 131, 132], "summary": {"covered_lines": 4, "num_statements": 4, "percent_covered": 100.0, "percent_covered_display": "100", "missing_lines": 0, "excluded_lines": 0}, "missing_lines": [], "excluded_lines": []}, "list_users": {"executed_lines": [137], "summary": {"covered_lines": 1, "num_statements": 1, "percent_covered": 100.0, "percent_covered_display": "100", "missing_lines": 0, "excluded_lines": 0}, "missing_lines": [], "excluded_lines": []}, "delete_user": {"executed_lines": [141, 142, 143, 144, 146, 147, 148], "summary": {"covered_lines": 7, "num_statements": 7, "percent_covered": 100.0, "percent_covered_display": "100", "missing_lines": 0, "excluded_lines": 0}, "missing_lines": [], "excluded_lines": []}, "": {"executed_lines": [1, 2, 3, 4, 5, 6, 7, 8, 9, 10, 11, 14, 15, 16, 18, 19, 26, 29, 30, 31, 32, 33, 34, 36, 37, 38, 40, 41, 42, 55, 56, 57, 66, 68, 70, 86, 87, 92, 93, 97, 98, 126, 127, 134, 135, 139, 140, 150], "summary": {"covered_lines": 48, "num_statements": 50, "percent_covered": 96.0, "percent_covered_display": "96", "missing_lines": 2, "excluded_lines": 0}, "missing_lines": [151, 152], "excluded_lines": []}}, "classes": {"User": {"executed_lines": [], "summary": {"covered_lines": 0, "num_statements": 0, "percent_covered": 100.0, "percent_covered_display": "100", "missing_lines": 0, "excluded_lines": 0}, "missing_lines": [], "excluded_lines": []}, "CreateUserRequest": {"executed_lines": [43, 45, 46, 48, 51, 53, 58, 61, 63], "summary": {"covered_lines": 9, "num_statements": 15, "percent_covered": 60.0, "percent_covered_display": "60", "missing_lines": 6, "excluded_lines": 0}, "missing_lines": [44, 47, 49, 52, 59, 62], "excluded_lines": []}, "": {"executed_lines": [1, 2, 3, 4, 5, 6, 7, 8, 9, 10, 11, 14, 15, 16, 18, 19, 26, 29, 30, 31, 32, 33, 34, 36, 37, 38, 40, 41, 42, 55, 56, 57, 66, 68, 70, 72, 73, 74, 76, 79, 81, 82, 83, 86, 87, 92, 93, 95, 97, 98, 99, 101, 102, 106, 107, 111, 112, 118, 119, 122, 124, 126, 127, 129, 130, 131, 132, 134, 135, 137, 139, 140, 141, 142, 143, 144, 146, 147, 148, 150], "summary": {"covered_lines": 80, "num_statements": 93, "percent_covered": 86.02150537634408, "percent_covered_display": "86", "missing_lines": 13, "excluded_lines": 0}, "missing_lines": [21, 23, 24, 75, 84, 88, 89, 90, 103, 108, 109, 151, 152], "excluded_lines": []}}}}, "totals": {"covered_lines": 134, "num_statements": 157, "percent_covered": 85.35031847133757, "percent_covered_display": "85", "missing_lines": 23, "excluded_lines": 0}}